Build started 30-6-2012 16:47:51.
     1>Project "C:\Users\Thomas\Documents\GitHub\Catan\Catan\Catan.vcxproj" on node 2 (build target(s)).
     1>InitializeBuildStatus:
         Creating "Debug\Catan.unsuccessfulbuild" because "AlwaysCreate" was specified.
       ClCompile:
         All outputs are up-to-date.
       Link:
         All outputs are up-to-date.
         C:\Program Files (x86)\Microsoft Visual Studio 10.0\VC\bin\link.exe /ERRORREPORT:PROMPT /OUT:"C:\Users\Thomas\Documents\GitHub\Catan\Catan\Debug\Catan.exe" /NOLOGO "sfml-system-d.lib" "sfml-graphics-d.lib" "sfml-main-d.lib" "sfml-window-d.lib" kernel32.lib user32.lib gdi32.lib winspool.lib comdlg32.lib advapi32.lib shell32.lib ole32.lib oleaut32.lib uuid.lib odbc32.lib odbccp32.lib /MANIFEST /ManifestFile:"Debug\Catan.exe.intermediate.manifest" /MANIFESTUAC:"level='asInvoker' uiAccess='false'" /DEBUG /PDB:"C:\Users\Thomas\Documents\GitHub\Catan\Catan\Debug\Catan.pdb" /SUBSYSTEM:WINDOWS /TLBID:1 /DYNAMICBASE /NXCOMPAT /IMPLIB:"C:\Users\Thomas\Documents\GitHub\Catan\Catan\Debug\Catan.lib" /MACHINE:X86 Debug\main.obj
         LINK : C:\Users\Thomas\Documents\GitHub\Catan\Catan\Debug\Catan.exe not found or not built by the last incremental link; performing full link
     1>sfml-main-d.lib(SFML_Main.cpp.obj) : warning LNK4099: PDB 'sfml-main-d.pdb' was not found with 'sfml-main-d.lib(SFML_Main.cpp.obj)' or at 'C:\Users\Thomas\Documents\GitHub\Catan\Catan\Debug\sfml-main-d.pdb'; linking object as if no debug info
         Catan.vcxproj -> C:\Users\Thomas\Documents\GitHub\Catan\Catan\Debug\Catan.exe
       Manifest:
         C:\Program Files (x86)\Microsoft SDKs\Windows\v7.0A\bin\mt.exe /nologo /verbose /outputresource:"C:\Users\Thomas\Documents\GitHub\Catan\Catan\Debug\Catan.exe;#1" /manifest Debug\Catan.exe.intermediate.manifest
       FinalizeBuildStatus:
         Deleting file "Debug\Catan.unsuccessfulbuild".
         Touching "Debug\Catan.lastbuildstate".
     1>Done Building Project "C:\Users\Thomas\Documents\GitHub\Catan\Catan\Catan.vcxproj" (build target(s)).

Build succeeded.

Time Elapsed 00:00:00.67
